<?xml version="1.0" encoding="UTF-8"?>
<testng-results ignored="0" total="1" passed="1" failed="0" skipped="0">
  <reporter-output>
    <line>
      <![CDATA[Sathish]]>
    </line>
  </reporter-output>
  <suite started-at="2023-12-23T14:59:10 IST" name="Default suite" finished-at="2023-12-23T14:59:10 IST" duration-ms="71">
    <groups>
    </groups>
    <test started-at="2023-12-23T14:59:10 IST" name="Default test" finished-at="2023-12-23T14:59:10 IST" duration-ms="71">
      <class name="demotest.AddAddressTest">
        <test-method signature="addAddress()[pri:0, instance:demotest.AddAddressTest@52bf72b5]" started-at="2023-12-23T14:59:10 IST" name="addAddress" finished-at="2023-12-23T14:59:10 IST" duration-ms="15" status="PASS">
          <reporter-output>
            <line>
              <![CDATA[Sathish]]>
            </line>
          </reporter-output>
        </test-method> <!-- addAddress -->
      </class> <!-- demotest.AddAddressTest -->
    </test> <!-- Default test -->
  </suite> <!-- Default suite -->
</testng-results>
